<?xml version="1.0" encoding="UTF-8"?>
<testsuite xmlns:xsi="http://www.w3.org/2001/XMLSchema-instance" xsi:noNamespaceSchemaLocation="https://maven.apache.org/surefire/maven-surefire-plugin/xsd/surefire-test-report-3.0.xsd" version="3.0" name="com.example.demo.DemoApplicationTests" time="5.337" tests="1" errors="0" skipped="0" failures="0">
  <properties>
[...]
</properties>
  <testcase name="contextLoads" classname="com.example.demo.DemoApplicationTests" time="0.632">
    <system-out><![CDATA[18:54:24.821 [main] INFO org.springframework.test.context.support.AnnotationConfigContextLoaderUtils -- Could not detect default configuration classes for test class [com.example.demo.DemoApplicationTests]: DemoApplicationTests does not declare any static, non-private, non-final, nested classes annotated with @Configuration.
18:54:24.939 [main] INFO org.springframework.boot.test.context.SpringBootTestContextBootstrapper -- Found @SpringBootConfiguration com.example.demo.DemoApplication for test class com.example.demo.DemoApplicationTests

  .   ____          _            __ _ _
 /\\ / ___'_ __ _ _(_)_ __  __ _ \ \ \ \
( ( )\___ | '_ | '_| | '_ \/ _` | \ \ \ \
 \\/  ___)| |_)| | | | | || (_| |  ) ) ) )
  '  |____| .__|_| |_|_| |_\__, | / / / /
 =========|_|==============|___/=/_/_/_/
 :: Spring Boot ::                (v3.1.0)

2023-06-13T18:54:25.392+03:00  INFO 12276 --- [           main] com.example.demo.DemoApplicationTests    : Starting DemoApplicationTests using Java 19.0.2 with PID 12276 (started by Miruna in C:\Users\Admin\Documents\GitHub\TW-2022-2023\spring\demo)
2023-06-13T18:54:25.394+03:00  INFO 12276 --- [           main] com.example.demo.DemoApplicationTests    : No active profile set, falling back to 1 default profile: "default"
2023-06-13T18:54:26.163+03:00  INFO 12276 --- [           main] .s.d.r.c.RepositoryConfigurationDelegate : Bootstrapping Spring Data JPA repositories in DEFAULT mode.
2023-06-13T18:54:26.195+03:00  INFO 12276 --- [           main] .s.d.r.c.RepositoryConfigurationDelegate : Finished Spring Data repository scanning in 20 ms. Found 0 JPA repository interfaces.
2023-06-13T18:54:26.888+03:00  INFO 12276 --- [           main] o.hibernate.jpa.internal.util.LogHelper  : HHH000204: Processing PersistenceUnitInfo [name: default]
2023-06-13T18:54:26.956+03:00  INFO 12276 --- [           main] org.hibernate.Version                    : HHH000412: Hibernate ORM core version 6.2.2.Final
2023-06-13T18:54:26.960+03:00  INFO 12276 --- [           main] org.hibernate.cfg.Environment            : HHH000406: Using bytecode reflection optimizer
2023-06-13T18:54:27.163+03:00  INFO 12276 --- [           main] o.h.b.i.BytecodeProviderInitiator        : HHH000021: Bytecode provider name : bytebuddy
2023-06-13T18:54:27.303+03:00  INFO 12276 --- [           main] o.s.o.j.p.SpringPersistenceUnitInfo      : No LoadTimeWeaver setup: ignoring JPA class transformer
2023-06-13T18:54:27.322+03:00  INFO 12276 --- [           main] com.zaxxer.hikari.HikariDataSource       : HikariPool-1 - Starting...
2023-06-13T18:54:27.442+03:00  INFO 12276 --- [           main] com.zaxxer.hikari.pool.HikariPool        : HikariPool-1 - Added connection org.postgresql.jdbc.PgConnection@4a31ed12
2023-06-13T18:54:27.445+03:00  INFO 12276 --- [           main] com.zaxxer.hikari.HikariDataSource       : HikariPool-1 - Start completed.
2023-06-13T18:54:27.486+03:00  INFO 12276 --- [           main] org.hibernate.orm.dialect                : HHH035001: Using dialect: org.hibernate.dialect.PostgreSQLDialect, version: org.hibernate.engine.jdbc.env.internal.JdbcEnvironmentInitiator$DialectResolutionInfoImpl@34f7b44f
2023-06-13T18:54:27.612+03:00  INFO 12276 --- [           main] o.h.b.i.BytecodeProviderInitiator        : HHH000021: Bytecode provider name : bytebuddy
2023-06-13T18:54:27.885+03:00  INFO 12276 --- [           main] o.h.e.t.j.p.i.JtaPlatformInitiator       : HHH000490: Using JtaPlatform implementation: [org.hibernate.engine.transaction.jta.platform.internal.NoJtaPlatform]
2023-06-13T18:54:27.893+03:00  INFO 12276 --- [           main] j.LocalContainerEntityManagerFactoryBean : Initialized JPA EntityManagerFactory for persistence unit 'default'
2023-06-13T18:54:28.152+03:00  WARN 12276 --- [           main] JpaBaseConfiguration$JpaWebConfiguration : spring.jpa.open-in-view is enabled by default. Therefore, database queries may be performed during view rendering. Explicitly configure spring.jpa.open-in-view to disable this warning
2023-06-13T18:54:28.940+03:00  WARN 12276 --- [           main] .s.s.UserDetailsServiceAutoConfiguration : 

Using generated security password: fab3b51f-997a-489b-9684-d3644d255470

This generated password is for development use only. Your security configuration must be updated before running your application in production.

2023-06-13T18:54:29.219+03:00  INFO 12276 --- [           main] o.s.s.web.DefaultSecurityFilterChain     : Will secure any request with [org.springframework.security.web.session.DisableEncodeUrlFilter@537451d5, org.springframework.security.web.context.request.async.WebAsyncManagerIntegrationFilter@785d6a98, org.springframework.security.web.context.SecurityContextHolderFilter@76ed7573, org.springframework.security.web.header.HeaderWriterFilter@3749c2b, org.springframework.security.web.csrf.CsrfFilter@6207145c, org.springframework.security.web.authentication.logout.LogoutFilter@7793b55d, org.springframework.security.web.authentication.UsernamePasswordAuthenticationFilter@6dde1bf5, org.springframework.security.web.authentication.ui.DefaultLoginPageGeneratingFilter@4f82248f, org.springframework.security.web.authentication.ui.DefaultLogoutPageGeneratingFilter@614d7fbf, org.springframework.security.web.authentication.www.BasicAuthenticationFilter@5e9ea380, org.springframework.security.web.savedrequest.RequestCacheAwareFilter@517bdce0, org.springframework.security.web.servletapi.SecurityContextHolderAwareRequestFilter@46e6458d, org.springframework.security.web.authentication.AnonymousAuthenticationFilter@6c06b1bc, org.springframework.security.web.access.ExceptionTranslationFilter@7d156f8f, org.springframework.security.web.access.intercept.AuthorizationFilter@498b611e]
2023-06-13T18:54:29.326+03:00  INFO 12276 --- [           main] com.example.demo.DemoApplicationTests    : Started DemoApplicationTests in 4.232 seconds (process running for 5.194)
]]></system-out>
  </testcase>
</testsuite>